<?xml version="1.0" encoding="UTF-8"?>
<!-- Generated by org.testng.reporters.JUnitReportReporter -->
<testsuite hostname="DESKTOP-K6M7KC1" failures="0" tests="2" name="com.qa.testcases.loginPagetest" time="21.305" errors="0" timestamp="17 May 2020 06:18:32 GMT" skipped="0">
  <testcase classname="com.qa.testcases.loginPagetest" name="validatelogintitletest" time="9.428"/>
  <testcase classname="com.qa.testcases.loginPagetest" name="verifylogintest" time="11.877"/>
</testsuite> <!-- com.qa.testcases.loginPagetest -->
