<?xml version="1.0" encoding="UTF-8"?>
<!-- Generated by org.testng.reporters.JUnitReportReporter -->
<testsuite skipped="0" hostname="01HW563856" name="com.qa.testcases.locationpagetest" tests="2" failures="0" timestamp="2019-12-05T10:25:04 IST" time="31.666" errors="0">
  <testcase name="verifylocationpagetitletest" time="14.898" classname="com.qa.testcases.locationpagetest"/>
  <testcase name="verifylocationpagetest" time="16.768" classname="com.qa.testcases.locationpagetest"/>
</testsuite> <!-- com.qa.testcases.locationpagetest -->
