<?xml version="1.0" encoding="UTF-8"?>
<!-- Generated by org.testng.reporters.JUnitReportReporter -->
<testsuite skipped="0" hostname="01HW563856" name="com.qa.testcases.HomePageTest" tests="2" failures="0" timestamp="2019-12-05T10:25:04 IST" time="37.655" errors="0">
  <testcase name="verifyhomepagetitletest" time="17.352" classname="com.qa.testcases.HomePageTest"/>
  <testcase name="verifyhomepagedatatitletest" time="20.303" classname="com.qa.testcases.HomePageTest"/>
</testsuite> <!-- com.qa.testcases.HomePageTest -->
