<?xml version="1.0" encoding="UTF-8"?>
<!-- Generated by org.testng.reporters.JUnitReportReporter -->
<<<<<<< HEAD
<testsuite hostname="DESKTOP-K6M7KC1" failures="0" tests="2" name="com.qa.testcases.homepageDashboardtest" time="53.453" errors="0" timestamp="26 May 2020 17:57:34 GMT" skipped="0">
  <testcase classname="com.qa.testcases.homepageDashboardtest" name="validateDashboardPagetitletest" time="26.965"/>
  <testcase classname="com.qa.testcases.homepageDashboardtest" name="validateDashboardPageTexttest" time="26.488"/>
=======
<testsuite hostname="DESKTOP-K6M7KC1" failures="0" tests="2" name="com.qa.testcases.homepageDashboardtest" time="79.894" errors="0" timestamp="27 May 2020 10:20:55 GMT" skipped="0">
  <testcase classname="com.qa.testcases.homepageDashboardtest" name="validateDashboardPagetitletest" time="41.079"/>
  <testcase classname="com.qa.testcases.homepageDashboardtest" name="validateDashboardPageTexttest" time="38.815"/>
>>>>>>> ec5322f51f80141b84ccfef236ee3b671d559bb5
</testsuite> <!-- com.qa.testcases.homepageDashboardtest -->
