<?xml version="1.0" encoding="UTF-8"?>
<!-- Generated by org.testng.reporters.JUnitReportReporter -->
<testsuite hostname="DESKTOP-K6M7KC1" failures="0" tests="2" name="com.qa.testcases.homepageDashboardtest" time="39.327" errors="0" timestamp="05 Jun 2020 07:49:05 GMT" skipped="0">
  <testcase classname="com.qa.testcases.homepageDashboardtest" name="validateDashboardPagetitletest" time="19.136"/>
  <testcase classname="com.qa.testcases.homepageDashboardtest" name="validateDashboardPageTexttest" time="20.191"/>
</testsuite> <!-- com.qa.testcases.homepageDashboardtest -->
