<?xml version="1.0" encoding="UTF-8"?>
<!-- Generated by org.testng.reporters.JUnitReportReporter -->
<testsuite hostname="DESKTOP-K6M7KC1" failures="0" tests="2" name="com.qa.testcases.loginPagetest" time="32.699" errors="0" timestamp="26 May 2020 12:22:23 GMT" skipped="0">
  <testcase classname="com.qa.testcases.loginPagetest" name="validatelogintitletest" time="11.435"/>
  <testcase classname="com.qa.testcases.loginPagetest" name="verifylogintest" time="21.264"/>
</testsuite> <!-- com.qa.testcases.loginPagetest -->
