<?xml version="1.0" encoding="UTF-8"?>
<!-- Generated by org.testng.reporters.JUnitReportReporter -->
<testsuite hostname="DESKTOP-K6M7KC1" failures="0" tests="2" name="com.qa.testcases.loginPagetest" time="23.102" errors="0" timestamp="16 May 2020 08:50:46 GMT" skipped="0">
  <testcase classname="com.qa.testcases.loginPagetest" name="validatelogintitletest" time="10.616"/>
  <testcase classname="com.qa.testcases.loginPagetest" name="verifylogintest" time="12.486"/>
</testsuite> <!-- com.qa.testcases.loginPagetest -->
