<?xml version="1.0" encoding="UTF-8"?>
<!-- Generated by org.testng.reporters.JUnitReportReporter -->
<testsuite hostname="DESKTOP-K6M7KC1" failures="0" tests="2" name="com.qa.testcases.loginPagetest" time="32.551" errors="0" timestamp="27 May 2020 10:20:55 GMT" skipped="0">
  <testcase classname="com.qa.testcases.loginPagetest" name="validatelogintitletest" time="12.548"/>
  <testcase classname="com.qa.testcases.loginPagetest" name="verifylogintest" time="20.003"/>
</testsuite> <!-- com.qa.testcases.loginPagetest -->
