<?xml version="1.0" encoding="UTF-8"?>
<!-- Generated by org.testng.reporters.JUnitReportReporter -->
<testsuite hostname="DESKTOP-K6M7KC1" failures="0" tests="2" name="com.qa.testcases.homepageDashboardtest" time="50.360" errors="0" timestamp="26 May 2020 12:22:23 GMT" skipped="0">
  <testcase classname="com.qa.testcases.homepageDashboardtest" name="validateDashboardPagetitletest" time="27.235"/>
  <testcase classname="com.qa.testcases.homepageDashboardtest" name="validateDashboardPageTexttest" time="23.125"/>
</testsuite> <!-- com.qa.testcases.homepageDashboardtest -->
