<?xml version="1.0" encoding="UTF-8"?>
<!-- Generated by org.testng.reporters.JUnitReportReporter -->
<testsuite hostname="DESKTOP-K6M7KC1" failures="0" tests="1" name="com.qa.testcases.LeavePageTest" time="19.259" errors="0" timestamp="05 Jun 2020 08:06:18 GMT" skipped="0">
  <testcase classname="com.qa.testcases.LeavePageTest" name="validateLeaveTest" time="19.259"/>
</testsuite> <!-- com.qa.testcases.LeavePageTest -->
