<?xml version="1.0" encoding="UTF-8"?>
<!-- Generated by org.testng.reporters.JUnitReportReporter -->
<testsuite hostname="DESKTOP-K6M7KC1" failures="0" tests="2" name="com.qa.testcases.loginPagetest" time="37.243" errors="0" timestamp="28 May 2020 09:57:22 GMT" skipped="0">
  <testcase classname="com.qa.testcases.loginPagetest" name="validatelogintitletest" time="13.881"/>
  <testcase classname="com.qa.testcases.loginPagetest" name="verifylogintest" time="23.362"/>
</testsuite> <!-- com.qa.testcases.loginPagetest -->
