<?xml version="1.0" encoding="UTF-8"?>
<!-- Generated by org.testng.reporters.JUnitReportReporter -->
<<<<<<< HEAD
<testsuite hostname="DESKTOP-K6M7KC1" failures="0" tests="2" name="com.qa.testcases.loginPagetest" time="30.404" errors="0" timestamp="26 May 2020 17:57:34 GMT" skipped="0">
  <testcase classname="com.qa.testcases.loginPagetest" name="validatelogintitletest" time="10.222"/>
  <testcase classname="com.qa.testcases.loginPagetest" name="verifylogintest" time="20.182"/>
=======
<testsuite hostname="DESKTOP-K6M7KC1" failures="0" tests="2" name="com.qa.testcases.loginPagetest" time="32.551" errors="0" timestamp="27 May 2020 10:20:55 GMT" skipped="0">
  <testcase classname="com.qa.testcases.loginPagetest" name="validatelogintitletest" time="12.548"/>
  <testcase classname="com.qa.testcases.loginPagetest" name="verifylogintest" time="20.003"/>
>>>>>>> ec5322f51f80141b84ccfef236ee3b671d559bb5
</testsuite> <!-- com.qa.testcases.loginPagetest -->
