<?xml version="1.0" encoding="UTF-8"?>
<!-- Generated by org.testng.reporters.JUnitReportReporter -->
<testsuite hostname="DESKTOP-K6M7KC1" failures="0" tests="2" name="com.qa.testcases.homepageDashboardtest" time="58.835" errors="0" timestamp="28 May 2020 09:57:22 GMT" skipped="0">
  <testcase classname="com.qa.testcases.homepageDashboardtest" name="validateDashboardPagetitletest" time="23.931"/>
  <testcase classname="com.qa.testcases.homepageDashboardtest" name="validateDashboardPageTexttest" time="34.904"/>
</testsuite> <!-- com.qa.testcases.homepageDashboardtest -->
