<?xml version="1.0" encoding="UTF-8"?>
<!-- Generated by org.testng.reporters.JUnitReportReporter -->
<testsuite skipped="2" hostname="01HW563856" name="com.qa.testcases.loginPagetest" tests="4" failures="0" timestamp="2019-12-05T10:25:04 IST" time="74.715" errors="0">
  <testcase name="validatelogintitletest" time="7.563" classname="com.qa.testcases.loginPagetest"/>
  <testcase name="verifylogintest" time="28.583" classname="com.qa.testcases.loginPagetest">
    <skipped/>
  </testcase> <!-- verifylogintest -->
  <testcase name="verifylogintest" time="27.988" classname="com.qa.testcases.loginPagetest">
    <skipped/>
  </testcase> <!-- verifylogintest -->
  <testcase name="verifylogintest" time="10.581" classname="com.qa.testcases.loginPagetest"/>
</testsuite> <!-- com.qa.testcases.loginPagetest -->
