<?xml version="1.0" encoding="UTF-8"?>
<!-- Generated by org.testng.reporters.JUnitReportReporter -->
<testsuite hostname="DESKTOP-K6M7KC1" failures="0" tests="2" name="com.qa.testcases.homepageDashboardtest" time="53.453" errors="0" timestamp="26 May 2020 17:57:34 GMT" skipped="0">
  <testcase classname="com.qa.testcases.homepageDashboardtest" name="validateDashboardPagetitletest" time="26.965"/>
  <testcase classname="com.qa.testcases.homepageDashboardtest" name="validateDashboardPageTexttest" time="26.488"/>
</testsuite> <!-- com.qa.testcases.homepageDashboardtest -->
