<?xml version="1.0" encoding="UTF-8"?>
<!-- Generated by org.testng.reporters.JUnitReportReporter -->
<testsuite hostname="DESKTOP-K6M7KC1" failures="0" tests="2" name="com.qa.testcases.loginPagetest" time="24.616" errors="0" timestamp="15 May 2020 13:14:16 GMT" skipped="0">
  <testcase classname="com.qa.testcases.loginPagetest" name="validatelogintitletest" time="11.576"/>
  <testcase classname="com.qa.testcases.loginPagetest" name="verifylogintest" time="13.040"/>
</testsuite> <!-- com.qa.testcases.loginPagetest -->
